Flow report for lab3StateDiagram
Wed Mar 09 18:03:35 2016
Quartus II 64-Bit Version 13.0.1 Build 232 06/12/2013 Service Pack 1 SJ Web Edition


---------------------
; Table of Contents ;
---------------------
  1. Legal Notice
  2. Flow Summary
  3. Flow Settings
  4. Flow Non-Default Global Settings
  5. Flow Elapsed Time
  6. Flow OS Summary
  7. Flow Log
  8. Flow Messages
  9. Flow Suppressed Messages



----------------
; Legal Notice ;
----------------
Copyright (C) 1991-2013 Altera Corporation
Your use of Altera Corporation's design tools, logic functions 
and other software and tools, and its AMPP partner logic 
functions, and any output files from any of the foregoing 
(including device programming or simulation files), and any 
associated documentation or information are expressly subject 
to the terms and conditions of the Altera Program License 
Subscription Agreement, Altera MegaCore Function License 
Agreement, or other applicable license agreement, including, 
without limitation, that your use is for the sole purpose of 
programming logic devices manufactured by Altera and sold by 
Altera or its authorized distributors.  Please refer to the 
applicable agreement for further details.



+--------------------------------------------------------------------------------------+
; Flow Summary                                                                         ;
+------------------------------------+-------------------------------------------------+
; Flow Status                        ; Successful - Wed Mar 09 18:03:34 2016           ;
; Quartus II 64-Bit Version          ; 13.0.1 Build 232 06/12/2013 SP 1 SJ Web Edition ;
; Revision Name                      ; lab3StateDiagram                                ;
; Top-level Entity Name              ; accumulator                                     ;
; Family                             ; Cyclone III                                     ;
; Total logic elements               ; 18                                              ;
;     Total combinational functions  ; 18                                              ;
;     Dedicated logic registers      ; 8                                               ;
; Total registers                    ; 8                                               ;
; Total pins                         ; 18                                              ;
; Total virtual pins                 ; 0                                               ;
; Total memory bits                  ; 0                                               ;
; Embedded Multiplier 9-bit elements ; 0                                               ;
; Total PLLs                         ; 0                                               ;
+------------------------------------+-------------------------------------------------+


+-----------------------------------------+
; Flow Settings                           ;
+-------------------+---------------------+
; Option            ; Setting             ;
+-------------------+---------------------+
; Start date & time ; 03/09/2016 17:58:18 ;
; Main task         ; Compilation         ;
; Revision Name     ; lab3StateDiagram    ;
+-------------------+---------------------+


+------------------------------------------------------------------------------------------------------------------------+
; Flow Non-Default Global Settings                                                                                       ;
+-------------------------------------+--------------------------------+------------------+-------------+----------------+
; Assignment Name                     ; Value                          ; Default Value    ; Entity Name ; Section Id     ;
+-------------------------------------+--------------------------------+------------------+-------------+----------------+
; COMPILER_SIGNATURE_ID               ; 26403096165949.145756429805348 ; --               ; --          ; --             ;
; EDA_GENERATE_FUNCTIONAL_NETLIST     ; On                             ; --               ; --          ; eda_simulation ;
; EDA_OUTPUT_DATA_FORMAT              ; Verilog Hdl                    ; --               ; --          ; eda_simulation ;
; EDA_SIMULATION_TOOL                 ; ModelSim-Altera (Verilog)      ; <None>           ; --          ; --             ;
; PARTITION_COLOR                     ; 16764057                       ; --               ; accumulator ; Top            ;
; PARTITION_FITTER_PRESERVATION_LEVEL ; PLACEMENT_AND_ROUTING          ; --               ; accumulator ; Top            ;
; PARTITION_NETLIST_TYPE              ; SOURCE                         ; --               ; accumulator ; Top            ;
; PROJECT_OUTPUT_DIRECTORY            ; output_files                   ; --               ; --          ; --             ;
; TOP_LEVEL_ENTITY                    ; accumulator                    ; lab3StateDiagram ; --          ; --             ;
+-------------------------------------+--------------------------------+------------------+-------------+----------------+


+--------------------------------------------------------------------------------------------------------------------------+
; Flow Elapsed Time                                                                                                        ;
+----------------------+--------------+-------------------------+---------------------+------------------------------------+
; Module Name          ; Elapsed Time ; Average Processors Used ; Peak Virtual Memory ; Total CPU Time (on all processors) ;
+----------------------+--------------+-------------------------+---------------------+------------------------------------+
; Analysis & Synthesis ; 00:00:04     ; 1.0                     ; 514 MB              ; 00:00:03                           ;
; EDA Netlist Writer   ; 00:00:02     ; 1.0                     ; 391 MB              ; 00:00:01                           ;
; EDA Netlist Writer   ; 00:00:01     ; 1.0                     ; 391 MB              ; 00:00:01                           ;
; Total                ; 00:00:07     ; --                      ; --                  ; 00:00:05                           ;
+----------------------+--------------+-------------------------+---------------------+------------------------------------+


+-----------------------------------------------------------------------------------+
; Flow OS Summary                                                                   ;
+----------------------+------------------+-----------+------------+----------------+
; Module Name          ; Machine Hostname ; OS Name   ; OS Version ; Processor type ;
+----------------------+------------------+-----------+------------+----------------+
; Analysis & Synthesis ; 1850-0131S016    ; Windows 7 ; 6.1        ; x86_64         ;
; EDA Netlist Writer   ; 1850-0131S016    ; Windows 7 ; 6.1        ; x86_64         ;
; EDA Netlist Writer   ; 1850-0131S016    ; Windows 7 ; 6.1        ; x86_64         ;
+----------------------+------------------+-----------+------------+----------------+


------------
; Flow Log ;
------------
quartus_map --read_settings_files=on --write_settings_files=off lab3Part1 -c lab3StateDiagram
quartus_eda --gen_testbench --check_outputs=on --tool=modelsim_oem --format=verilog lab3Part1 -c lab3StateDiagram --vector_source=Z:/cgrah064/Documents/ELG4137/Lab3/accumulator.vwf --testbench_file=./simulation/qsim/lab3Part1.vt
quartus_eda --functional=on --simulation=on --tool=modelsim_oem --format=verilog lab3Part1 -c lab3StateDiagram



